[2021-05-25T14:53:42.687] [DEBUG] cheese - login => username:admin,password:123456
[2021-05-25T14:53:42.688] [DEBUG] cheese - admin
[2021-05-25T14:53:42.703] [DEBUG] cheese - null
[2021-05-25T14:53:42.703] [DEBUG] cheese - null
[2021-07-01T17:10:40.449] [DEBUG] cheese - login => username:admin,password:123456
[2021-07-01T17:10:40.450] [DEBUG] cheese - admin
[2021-07-01T17:10:40.453] [DEBUG] cheese - null
[2021-07-01T17:10:40.453] [DEBUG] cheese - null
[2021-07-01T17:32:28.332] [DEBUG] cheese - login => username:admin,password:123456
[2021-07-01T17:32:28.333] [DEBUG] cheese - admin
[2021-07-01T17:32:28.338] [DEBUG] cheese - null
[2021-07-01T17:32:28.338] [DEBUG] cheese - null
[2021-07-01T22:46:47.098] [DEBUG] cheese - login => username:admin,password:123456
[2021-07-01T22:46:47.099] [DEBUG] cheese - admin
[2021-07-01T22:46:47.114] [DEBUG] cheese - null
[2021-07-01T22:46:47.114] [DEBUG] cheese - null
[2021-07-01T22:52:58.785] [DEBUG] cheese - login => username:admin,password:123456
[2021-07-01T22:52:58.785] [DEBUG] cheese - admin
[2021-07-01T22:52:58.787] [DEBUG] cheese - null
[2021-07-01T22:52:58.787] [DEBUG] cheese - null
